<?xml version="1.0" encoding="UTF-8"?>
<!-- Generated by org.testng.reporters.JUnitReportReporter -->
<testsuite hostname="menyz.local" name="com.pp.ios.auto.SanityIos" tests="1" failures="0" timestamp="19 Jan 2015 18:32:04 GMT" time="317.301" errors="0">
  <testcase name="settingsClearHistory" time="317.301" classname="com.pp.ios.auto.SanityIos"/>
</testsuite> <!-- com.pp.ios.auto.SanityIos -->
