<?xml version="1.0" encoding="UTF-8"?>
<!-- Generated by org.testng.reporters.JUnitReportReporter -->
<testsuite hostname="menyz.local" name="com.pp.ios.auto.sendReport" tests="1" failures="0" timestamp="27 Nov 2014 09:55:53 GMT" time="2.635" errors="0">
  <testcase name="sendMail" time="2.635" classname="com.pp.ios.auto.sendReport"/>
</testsuite> <!-- com.pp.ios.auto.sendReport -->
