<?xml version="1.0" encoding="UTF-8"?>
<!-- Generated by org.testng.reporters.JUnitReportReporter -->
<testsuite hostname="menyz.local" name="com.pp.ios.auto.SendReport" tests="1" failures="0" timestamp="12 Feb 2015 12:46:58 GMT" time="3.309" errors="0">
  <testcase name="sendMail" time="3.309" classname="com.pp.ios.auto.SendReport"/>
</testsuite> <!-- com.pp.ios.auto.SendReport -->
