<?xml version="1.0" encoding="UTF-8"?>
<!-- Generated by org.testng.reporters.JUnitReportReporter -->
<testsuite hostname="menyz.local" name="com.pp.webui.auto.SanityTests" tests="1" failures="0" timestamp="27 Jul 2014 21:06:39 GMT" time="103.099" errors="0">
  <testcase name="testLoginAppiumNativeAndroid" time="103.099" classname="com.pp.webui.auto.SanityTests"/>
</testsuite> <!-- com.pp.webui.auto.SanityTests -->
