<?xml version="1.0" encoding="UTF-8"?>
<!-- Generated by org.testng.reporters.JUnitReportReporter -->
<testsuite hostname="menyz.local" name="com.pp.ios.auto.SanityIos" tests="1" failures="0" timestamp="2 Jan 2015 16:42:24 GMT" time="321.834" errors="0">
  <testcase name="Favorites" time="321.834" classname="com.pp.ios.auto.SanityIos"/>
</testsuite> <!-- com.pp.ios.auto.SanityIos -->
