<?xml version="1.0" encoding="UTF-8"?>
<!-- Generated by org.testng.reporters.JUnitReportReporter -->
<testsuite hostname="menyz.local" name="com.pp.ios.auto.SendReport" tests="1" failures="0" timestamp="15 Dec 2014 07:56:38 GMT" time="4.673" errors="0">
  <testcase name="sendMail" time="4.673" classname="com.pp.ios.auto.SendReport"/>
</testsuite> <!-- com.pp.ios.auto.SendReport -->
