<?xml version="1.0" encoding="UTF-8"?>
<!-- Generated by org.testng.reporters.JUnitReportReporter -->
<testsuite hostname="menyz.local" name="com.pp.ios.auto.SanityIos" tests="17" failures="0" timestamp="9 Feb 2015 14:06:50 GMT" time="5364.440" errors="0">
  <testcase name="search" time="585.214" classname="com.pp.ios.auto.SanityIos"/>
  <testcase name="testTour" time="563.807" classname="com.pp.ios.auto.SanityIos"/>
  <testcase name="settingsContactSupport" time="35.137" classname="com.pp.ios.auto.SanityIos"/>
  <testcase name="settingsRateUs" time="21.172" classname="com.pp.ios.auto.SanityIos"/>
  <testcase name="ClearHistoryAndChangeDefaultDestination" time="258.527" classname="com.pp.ios.auto.SanityIos"/>
  <testcase name="settingsSaveLoginSanity" time="214.692" classname="com.pp.ios.auto.SanityIos"/>
  <testcase name="settingsBackupEnableDisable" time="140.914" classname="com.pp.ios.auto.SanityIos"/>
  <testcase name="foregroundBackgroundSwith" time="300.899" classname="com.pp.ios.auto.SanityIos"/>
  <testcase name="settingsShare" time="43.200" classname="com.pp.ios.auto.SanityIos"/>
  <testcase name="backupInBackground" time="242.042" classname="com.pp.ios.auto.SanityIos"/>
  <testcase name="connectionLost" time="191.522" classname="com.pp.ios.auto.SanityIos"/>
  <testcase name="addRemoveTeamFolders" time="736.701" classname="com.pp.ios.auto.SanityIos"/>
  <testcase name="settingsPasscodeSanity" time="451.803" classname="com.pp.ios.auto.SanityIos"/>
  <testcase name="settingsBackupEnableDisableDuringUpload" time="483.880" classname="com.pp.ios.auto.SanityIos"/>
  <testcase name="settingsMore" time="296.480" classname="com.pp.ios.auto.SanityIos"/>
  <testcase name="Favorites" time="451.537" classname="com.pp.ios.auto.SanityIos"/>
  <testcase name="badCredentials" time="346.913" classname="com.pp.ios.auto.SanityIos"/>
</testsuite> <!-- com.pp.ios.auto.SanityIos -->
