<?xml version="1.0" encoding="UTF-8"?>
<!-- Generated by org.testng.reporters.JUnitReportReporter -->
<testsuite hostname="menyz.local" name="com.pp.ios.auto.SendReport" tests="1" failures="0" timestamp="9 Jan 2015 14:28:15 GMT" time="5.072" errors="0">
  <testcase name="sendMail" time="5.072" classname="com.pp.ios.auto.SendReport"/>
</testsuite> <!-- com.pp.ios.auto.SendReport -->
