<?xml version="1.0" encoding="UTF-8"?>
<!-- Generated by org.testng.reporters.JUnitReportReporter -->
<testsuite hostname="menyz.local" name="com.pp.ios.auto.SendReport" tests="1" failures="0" timestamp="2 Jan 2015 13:17:43 GMT" time="5.996" errors="0">
  <testcase name="sendMail" time="5.996" classname="com.pp.ios.auto.SendReport"/>
</testsuite> <!-- com.pp.ios.auto.SendReport -->
