<?xml version="1.0" encoding="UTF-8"?>
<!-- Generated by org.testng.reporters.JUnitReportReporter -->
<testsuite hostname="SGMacBookPROs-MacBook-Pro.local" name="com.pp.ios.auto.SanityIos" tests="1" failures="0" timestamp="25 Mar 2015 20:04:55 GMT" time="34.945" errors="0">
  <testcase name="settingsContactSupport" time="34.945" classname="com.pp.ios.auto.SanityIos"/>
</testsuite> <!-- com.pp.ios.auto.SanityIos -->
