<?xml version="1.0" encoding="UTF-8"?>
<!-- Generated by org.testng.reporters.JUnitReportReporter -->
<testsuite hostname="menyz.local" name="com.pp.ios.auto.tempSendUpdatedReport" tests="1" failures="0" timestamp="21 Nov 2014 13:27:56 GMT" time="0.032" errors="0">
  <testcase name="runSuccessFaillure" time="0.032" classname="com.pp.ios.auto.tempSendUpdatedReport"/>
</testsuite> <!-- com.pp.ios.auto.tempSendUpdatedReport -->
