<?xml version="1.0" encoding="UTF-8"?>
<!-- Generated by org.testng.reporters.JUnitReportReporter -->
<testsuite hostname="menyz.local" name="com.pp.ios.auto.SanityIos" tests="1" failures="0" timestamp="16 Feb 2015 13:51:35 GMT" time="497.543" errors="0">
  <testcase name="settingsBackupEnableDisableDuringUpload" time="497.543" classname="com.pp.ios.auto.SanityIos"/>
</testsuite> <!-- com.pp.ios.auto.SanityIos -->
