<?xml version="1.0" encoding="UTF-8"?>
<!-- Generated by org.testng.reporters.JUnitReportReporter -->
<testsuite hostname="menyz.local" name="com.pp.ios.auto.sanityIos" tests="1" failures="0" timestamp="29 Nov 2014 17:33:52 GMT" time="163.247" errors="0">
  <testcase name="testCreatefolder" time="163.247" classname="com.pp.ios.auto.sanityIos"/>
</testsuite> <!-- com.pp.ios.auto.sanityIos -->
