<?xml version="1.0" encoding="UTF-8"?>
<!-- Generated by org.testng.reporters.JUnitReportReporter -->
<testsuite hostname="menyz.local" name="com.pp.ios.auto.SanityIos" tests="1" failures="0" timestamp="9 Jan 2015 21:15:30 GMT" time="38.121" errors="0">
  <testcase name="settingsContactSupport" time="38.121" classname="com.pp.ios.auto.SanityIos"/>
</testsuite> <!-- com.pp.ios.auto.SanityIos -->
