<?xml version="1.0" encoding="UTF-8"?>
<!-- Generated by org.testng.reporters.JUnitReportReporter -->
<testsuite hostname="menyz.local" name="com.pp.ios.auto.sendReport" tests="1" failures="0" timestamp="21 Nov 2014 18:22:18 GMT" time="3.590" errors="0">
  <testcase name="sendMail" time="3.590" classname="com.pp.ios.auto.sendReport"/>
</testsuite> <!-- com.pp.ios.auto.sendReport -->
