<?xml version="1.0" encoding="UTF-8"?>
<!-- Generated by org.testng.reporters.JUnitReportReporter -->
<testsuite hostname="menyz.local" name="com.pp.ios.auto.sendReport" tests="1" failures="0" timestamp="11 Dec 2014 14:35:56 GMT" time="4.862" errors="0">
  <testcase name="sendMail" time="4.862" classname="com.pp.ios.auto.sendReport"/>
</testsuite> <!-- com.pp.ios.auto.sendReport -->
