<?xml version="1.0" encoding="UTF-8"?>
<!-- Generated by org.testng.reporters.JUnitReportReporter -->
<testsuite hostname="menyz.local" name="com.pp.ios.auto.SanityIos" tests="3" failures="0" timestamp="9 Jan 2015 20:15:21 GMT" time="306.630" errors="0">
  <testcase name="settingsRateUs" time="19.734" classname="com.pp.ios.auto.SanityIos"/>
  <testcase name="settingsShare" time="247.201" classname="com.pp.ios.auto.SanityIos"/>
  <testcase name="settingsMore" time="39.695" classname="com.pp.ios.auto.SanityIos"/>
</testsuite> <!-- com.pp.ios.auto.SanityIos -->
