<?xml version="1.0" encoding="UTF-8"?>
<!-- Generated by org.testng.reporters.JUnitReportReporter -->
<testsuite hostname="menyz.local" name="com.pp.webui.auto.runReport" tests="1" failures="0" timestamp="5 Oct 2014 19:53:57 GMT" time="125.753" errors="0">
  <testcase name="sendMail" time="125.753" classname="com.pp.webui.auto.runReport"/>
</testsuite> <!-- com.pp.webui.auto.runReport -->
