<?xml version="1.0" encoding="UTF-8"?>
<!-- Generated by org.testng.reporters.JUnitReportReporter -->
<testsuite hostname="menyz.local" name="com.pp.ios.auto.sanityNativeIosAppium" tests="1" failures="0" timestamp="15 Nov 2014 06:14:47 GMT" time="555.481" errors="0">
  <testcase name="settingsBackupEnableDisableDuringUpload" time="555.481" classname="com.pp.ios.auto.sanityNativeIosAppium"/>
</testsuite> <!-- com.pp.ios.auto.sanityNativeIosAppium -->
