<?xml version="1.0" encoding="UTF-8"?>
<!-- Generated by org.testng.reporters.JUnitReportReporter -->
<testsuite hostname="menyz.local" name="com.pp.ios.auto.SanityIos" tests="1" failures="0" timestamp="9 Jan 2015 16:03:07 GMT" time="301.484" errors="0">
  <testcase name="Favorites" time="301.484" classname="com.pp.ios.auto.SanityIos"/>
</testsuite> <!-- com.pp.ios.auto.SanityIos -->
